<?xml version="1.0" encoding="UTF-8"?>
<testsuite xmlns:xsi="http://www.w3.org/2001/XMLSchema-instance" xsi:noNamespaceSchemaLocation="https://maven.apache.org/surefire/maven-surefire-plugin/xsd/surefire-test-report-3.0.xsd" version="3.0" name="com.aluno.classificadorAlunoTest" time="0.075" tests="7" errors="0" skipped="0" failures="0">
  <properties>
[...]
</properties>
  <testcase name="frequenciaInvalida" classname="com.aluno.classificadorAlunoTest" time="0.006"/>
  <testcase name="valoresLimites" classname="com.aluno.classificadorAlunoTest" time="0.0"/>
  <testcase name="notaInvalida" classname="com.aluno.classificadorAlunoTest" time="0.0"/>
  <testcase name="alunoAprovado" classname="com.aluno.classificadorAlunoTest" time="0.0"/>
  <testcase name="alunoReprovadoPorFrequencia" classname="com.aluno.classificadorAlunoTest" time="0.0"/>
  <testcase name="alunoEmRecuperacao" classname="com.aluno.classificadorAlunoTest" time="0.0"/>
  <testcase name="alunoReprovadoPorNota" classname="com.aluno.classificadorAlunoTest" time="0.0"/>
</testsuite>