<?xml version="1.0" encoding="UTF-8"?>
<testsuite xmlns:xsi="http://www.w3.org/2001/XMLSchema-instance" xsi:noNamespaceSchemaLocation="https://maven.apache.org/surefire/maven-surefire-plugin/xsd/surefire-test-report-3.0.xsd" version="3.0" name="com.reserva.ReservaRun" time="0.269" tests="2" errors="0" skipped="0" failures="1">
  <properties>
[...]
</properties>
  <testcase name="Reserva dentro da área de cobertura" classname="Reservar de motorista" time="0.11">
    <failure message="expected: &lt;Motorista a caminho&gt; but was: &lt;Área fora de cobertura&gt;" type="org.opentest4j.AssertionFailedError"><![CDATA[org.opentest4j.AssertionFailedError: expected: <Motorista a caminho> but was: <Área fora de cobertura>
	at com.reserva.ReservaSteps.aReservaRetorna(ReservaSteps.java:30)
	at ✽.a reserva retorna "Motorista a caminho"(classpath:features/reserva.feature:8)
]]></failure>
    <system-out><![CDATA[
Cenário: Reserva dentro da área de cobertura     &amp#27;[90m# features/reserva.feature:5&amp#27;[0m
  &amp#27;[32mDado &amp#27;[0m&amp#27;[32mo usuário está na cidade &amp#27;[0m&amp#27;[32m&amp#27;[1m"Belo Horizonte"&amp#27;[0m &amp#27;[90m# com.reserva.ReservaSteps.oUsuarioEstaNaCidade(java.lang.String)&amp#27;[0m
  &amp#27;[32mQuando &amp#27;[0m&amp#27;[32mo usuário solicita uma reserva&amp#27;[0m          &amp#27;[90m# com.reserva.ReservaSteps.oUsuarioSolicitaUmaReserva()&amp#27;[0m
  &amp#27;[31mEntão &amp#27;[0m&amp#27;[31ma reserva retorna &amp#27;[0m&amp#27;[31m&amp#27;[1m"Motorista a caminho"&amp#27;[0m  &amp#27;[90m# com.reserva.ReservaSteps.aReservaRetorna(java.lang.String)&amp#27;[0m
      &amp#27;[31morg.opentest4j.AssertionFailedError: expected: <Motorista a caminho> but was: <Área fora de cobertura>
	at org.junit.jupiter.api.AssertionFailureBuilder.build(AssertionFailureBuilder.java:151)
	at org.junit.jupiter.api.AssertionFailureBuilder.buildAndThrow(AssertionFailureBuilder.java:132)
	at org.junit.jupiter.api.AssertEquals.failNotEqual(AssertEquals.java:197)
	at org.junit.jupiter.api.AssertEquals.assertEquals(AssertEquals.java:182)
	at org.junit.jupiter.api.AssertEquals.assertEquals(AssertEquals.java:177)
	at org.junit.jupiter.api.Assertions.assertEquals(Assertions.java:1145)
	at com.reserva.ReservaSteps.aReservaRetorna(ReservaSteps.java:30)
	at ✽.a reserva retorna "Motorista a caminho"(classpath:features/reserva.feature:8)
&amp#27;[0m
]]></system-out>
  </testcase>
  <testcase name="Reserva fora da área de cobertura" classname="Reservar de motorista" time="0.005">
    <system-out><![CDATA[
Cenário: Reserva fora da área de cobertura         &amp#27;[90m# features/reserva.feature:10&amp#27;[0m
  &amp#27;[32mDado &amp#27;[0m&amp#27;[32mo usuário está na cidade &amp#27;[0m&amp#27;[32m&amp#27;[1m"São Paulo"&amp#27;[0m        &amp#27;[90m# com.reserva.ReservaSteps.oUsuarioEstaNaCidade(java.lang.String)&amp#27;[0m
  &amp#27;[32mQuando &amp#27;[0m&amp#27;[32mo usuário solicita uma reserva&amp#27;[0m            &amp#27;[90m# com.reserva.ReservaSteps.oUsuarioSolicitaUmaReserva()&amp#27;[0m
  &amp#27;[32mEntão &amp#27;[0m&amp#27;[32ma reserva retorna &amp#27;[0m&amp#27;[32m&amp#27;[1m"Área fora de cobertura"&amp#27;[0m &amp#27;[90m# com.reserva.ReservaSteps.aReservaRetorna(java.lang.String)&amp#27;[0m
]]></system-out>
  </testcase>
</testsuite>